Arguments: 
  /usr/local/bin/node /usr/local/bin/yarn install

PATH: 
  /bin:/usr/bin:/usr/local/bin

Yarn version: 
  1.22.19

Node version: 
  20.19.1

Platform: 
  linux x64

Trace: 
  Error: https://registry.yarnpkg.com/react-dom: ESOCKETTIMEDOUT
      at ClientRequest.eval (/usr/local/lib/node_modules/yarn/dist/yarn.js:125439:19)
      at Object.onceWrapper (node:events:30:8244)
      at ClientRequest.emit (node:events:30:11034)
      at TLSSocket.emitRequestTimeout (node:_http_client:3:9392)
      at Object.onceWrapper (node:events:30:8244)
      at TLSSocket.emit (node:events:30:11150)
      at Socket._onTimeout (node:net:292:14991)
      at <anonymous> (node:internal/timers:253:4719)

npm manifest: 
  {
    "name": "tradeprofx-dashboard",
    "private": true,
    "version": "0.0.0",
    "type": "module",
    "scripts": {
      "dev": "vite",
      "build": "vite build",
      "lint": "eslint .",
      "preview": "vite preview"
    },
    "dependencies": {
      "lucide-react": "^0.511.0",
      "react": "^19.1.0",
      "react-dom": "^19.1.0",
      "axios": "^1.9.0",
      "bootstrap": "^5.3.0",
      "chart.js": "^4.4.0",
      "react-chartjs-2": "^5.2.0",
      "react-router-dom": "^6.8.0",
      "zustand": "^4.4.0",
      "@faker-js/faker": "^8.3.0"
    },
    "devDependencies": {
      "@eslint/js": "^9.27.0",
      "@types/react": "^19.1.5",
      "@types/react-dom": "^19.1.5",
      "typescript": "^5.8.3",
      "typescript-eslint": "^8.32.1",
      "globals": "^16.2.0",
      "@vitejs/plugin-react": "^4.5.0",
      "eslint": "^9.27.0",
      "eslint-plugin-react-hooks": "^5.2.0",
      "eslint-plugin-react-refresh": "^0.4.20",
      "autoprefixer": "^10.4.21",
      "postcss": "^8.4.35",
      "tailwindcss": "^3.4.1",
      "vite": "^6.3.5"
    }
  }

yarn manifest: 
  No manifest

Lockfile: 
  No lockfile
